<?xml version="1.0" encoding="UTF-8"?>
<testng-results ignored="0" total="1" passed="1" failed="0" skipped="0">
  <reporter-output>
  </reporter-output>
  <suite started-at="2024-08-11T11:43:13 IST" name="Default suite" finished-at="2024-08-11T11:43:42 IST" duration-ms="28532">
    <groups>
    </groups>
    <test started-at="2024-08-11T11:43:13 IST" name="Default test" finished-at="2024-08-11T11:43:42 IST" duration-ms="28532">
      <class name="com.BookWagon.Test.BWloginTest">
        <test-method is-config="true" signature="setup()[pri:0, instance:com.BookWagon.Test.BWloginTest@6404f418]" started-at="2024-08-11T11:43:13 IST" name="setup" finished-at="2024-08-11T11:43:18 IST" duration-ms="4884" status="PASS">
          <reporter-output>
          </reporter-output>
        </test-method> <!-- setup -->
        <test-method signature="logintest()[pri:0, instance:com.BookWagon.Test.BWloginTest@6404f418]" started-at="2024-08-11T11:43:18 IST" name="logintest" finished-at="2024-08-11T11:43:41 IST" duration-ms="23032" status="PASS">
          <reporter-output>
          </reporter-output>
        </test-method> <!-- logintest -->
        <test-method is-config="true" signature="teardown()[pri:0, instance:com.BookWagon.Test.BWloginTest@6404f418]" started-at="2024-08-11T11:43:41 IST" name="teardown" finished-at="2024-08-11T11:43:42 IST" duration-ms="574" status="PASS">
          <reporter-output>
          </reporter-output>
        </test-method> <!-- teardown -->
      </class> <!-- com.BookWagon.Test.BWloginTest -->
    </test> <!-- Default test -->
  </suite> <!-- Default suite -->
</testng-results>
